* using log directory 'C:/R/R-2.4.1/src/library/spsurvey/spsurvey.Rcheck'
* using R version 2.4.1 (2006-12-18)
* checking for file 'spsurvey/DESCRIPTION' ... OK
* this is package 'spsurvey' version '1.6.2'
* checking package dependencies ... OK
* checking if this is a source package ... OK
* checking whether package 'spsurvey' can be installed ... OK
* checking package directory ... OK
* checking for portable file names ... OK
* checking DESCRIPTION meta-information ... OK
* checking top-level files ... OK
* checking index information ... OK
* checking package subdirectories ... OK
* checking R files for syntax errors ... OK
* checking R files for non-ASCII characters ... OK
* checking whether the package can be loaded ... OK
* checking whether the package can be loaded with stated dependencies ... OK
* checking whether the name space can be loaded with stated dependencies ... OK
* checking S3 generic/method consistency ... OK
* checking replacement functions ... OK
* checking foreign function calls ... OK
* checking R code for possible problems ... OK
* checking Rd files ... OK
* checking Rd cross-references ... OK
* checking for missing documentation entries ... OK
* checking for code/documentation mismatches ... OK
* checking Rd \usage sections ... OK
* checking for CRLF line endings in C/C++/Fortran sources/headers ... OK
* checking for portable use of $BLAS_LIBS ... OK
* creating spsurvey-Ex.R ... OK
* checking examples ... OK
* creating spsurvey-manual.tex ... OK
* checking spsurvey-manual.tex ... OK
