installing R.css in C:/R/R-2.4.1/src/library/spsurvey/spsurvey.Rcheck


---------- Making package spsurvey ------------
  adding build stamp to DESCRIPTION
  installing NAMESPACE file and metadata
  making DLL ...
making dbfFileParser.d from dbfFileParser.c
making grts.d from grts.c
making grtsarea.d from grtsarea.c
making grtslin.d from grtslin.c
making grtspts.d from grtspts.c
making init.d from init.c
making irsarea.d from irsarea.c
making irslin.d from irslin.c
making pickGridCells.d from pickGridCells.c
making ranho.d from ranho.c
making shapeParser.d from shapeParser.c
gcc   -Ic:/R/R-2.4.1/include  -Wall -O2 -std=gnu99   -c dbfFileParser.c -o dbfFileParser.o
gcc   -Ic:/R/R-2.4.1/include  -Wall -O2 -std=gnu99   -c grts.c -o grts.o
gcc   -Ic:/R/R-2.4.1/include  -Wall -O2 -std=gnu99   -c grtsarea.c -o grtsarea.o
gcc   -Ic:/R/R-2.4.1/include  -Wall -O2 -std=gnu99   -c grtslin.c -o grtslin.o
gcc   -Ic:/R/R-2.4.1/include  -Wall -O2 -std=gnu99   -c grtspts.c -o grtspts.o
gcc   -Ic:/R/R-2.4.1/include  -Wall -O2 -std=gnu99   -c init.c -o init.o
gcc   -Ic:/R/R-2.4.1/include  -Wall -O2 -std=gnu99   -c irsarea.c -o irsarea.o
gcc   -Ic:/R/R-2.4.1/include  -Wall -O2 -std=gnu99   -c irslin.c -o irslin.o
gcc   -Ic:/R/R-2.4.1/include  -Wall -O2 -std=gnu99   -c pickGridCells.c -o pickGridCells.o
gcc   -Ic:/R/R-2.4.1/include  -Wall -O2 -std=gnu99   -c ranho.c -o ranho.o
gcc   -Ic:/R/R-2.4.1/include  -Wall -O2 -std=gnu99   -c shapeParser.c -o shapeParser.o
windres --include-dir c:/R/R-2.4.1/include  -i spsurvey_res.rc -o spsurvey_res.o
gcc  -shared -s  -o spsurvey.dll spsurvey.def dbfFileParser.o grts.o grtsarea.o grtslin.o grtspts.o init.o irsarea.o irslin.o pickGridCells.o ranho.o shapeParser.o spsurvey_res.o  -Lc:/R/R-2.4.1/bin    -lR
  ... DLL made
  installing DLL
  installing R files
  save image
Loading required package: sp
  installing demos
  installing inst files
  installing data files
  installing man source files
  installing indices
  not zipping data
  installing help
 >>> Building/Updating help pages for package 'spsurvey'
     Formats: text html latex example chm 
  adjwgt                            text    html    latex   example chm
  albersgeod                        text    html    latex           chm
  cat.analysis                      text    html    latex   example chm
  category.est                      text    html    latex   example chm
  cdf.decon                         text    html    latex   example chm
  cdf.est                           text    html    latex   example chm
  cdf.test                          text    html    latex   example chm
  cont.analysis                     text    html    latex   example chm
  dsgnsum                           text    html    latex   example chm
  eco.l3.ut                         text    html    latex   example chm
  framesum                          text    html    latex   example chm
  grts                              text    html    latex   example chm
  grtsarea                          text    html    latex           chm
  grtslin                           text    html    latex           chm
  grtspts                           text    html    latex           chm
  irs                               text    html    latex   example chm
  irsarea                           text    html    latex           chm
  irslin                            text    html    latex           chm
  irspts                            text    html    latex           chm
  luck.ash                          text    html    latex   example chm
  marinus                           text    html    latex   example chm
  psurvey.analysis                  text    html    latex   example chm
  read.dbf                          text    html    latex   example chm
  read.shape                        text    html    latex   example chm
  relrisk                           text    html    latex   example chm
  sp2shape                          text    html    latex   example chm
  spsurvey-internal                 text    html    latex           chm
  total.est                         text    html    latex   example chm
  write.object                      text    html    latex   example chm
Microsoft HTML Help Compiler 4.74.8702

Compiling c:\R\R-2.4.1\src\library\spsurvey\chm\spsurvey.chm


Compile time: 0 minutes, 2 seconds
30	Topics
85	Local links
4	Internet links
1	Graphic


Created c:\R\R-2.4.1\src\library\spsurvey\chm\spsurvey.chm, 77,263 bytes
Compression decreased file by 126,306 bytes.
  adding MD5 sums

* DONE (spsurvey)
