This is e-TeX, Version 3.141592-2.2 (MiKTeX 2.4) (preloaded format=latex 2006.7.27)  5 FEB 2007 10:30
entering extended mode
**\nonstopmode{}\input{spsurvey-manual.tex}
(spsurvey-manual.tex (C:\texmf\tex\latex\base\article.cls
Document Class: article 2004/02/16 v1.4f Standard LaTeX document class
(C:\texmf\tex\latex\base\size10.clo
File: size10.clo 2004/02/16 v1.4f Standard LaTeX file (size option)
)
\c@part=\count79
\c@section=\count80
\c@subsection=\count81
\c@subsubsection=\count82
\c@paragraph=\count83
\c@subparagraph=\count84
\c@figure=\count85
\c@table=\count86
\abovecaptionskip=\skip41
\belowcaptionskip=\skip42
\bibindent=\dimen102
) (C:/R/R-2.4.1/share/texmf\Rd.sty
Package: Rd 

(C:\texmf\tex\latex\base\ifthen.sty
Package: ifthen 2001/05/26 v1.1c Standard LaTeX ifthen package (DPC)
) (C:\texmf\tex\latex\tools\longtable.sty
Package: longtable 2004/02/01 v4.11 Multi-page Table package (DPC)
\LTleft=\skip43
\LTright=\skip44
\LTpre=\skip45
\LTpost=\skip46
\LTchunksize=\count87
\LTcapwidth=\dimen103
\LT@head=\box26
\LT@firsthead=\box27
\LT@foot=\box28
\LT@lastfoot=\box29
\LT@cols=\count88
\LT@rows=\count89
\c@LT@tables=\count90
\c@LT@chunks=\count91
\LT@p@ftn=\toks14
)
(C:\texmf\tex\latex\tools\bm.sty
Package: bm 2004/02/26 v1.1c Bold Symbol Support (DPC/FMi)
\symboldoperators=\mathgroup4
\symboldletters=\mathgroup5
\symboldsymbols=\mathgroup6
LaTeX Font Info:    Redeclaring math alphabet \mathbf on input line 137.
LaTeX Info: Redefining \bm on input line 203.
) (C:\texmf\tex\latex\base\alltt.sty
Package: alltt 1997/06/16 v2.0g defines alltt environment
)
(C:\texmf\tex\latex\tools\verbatim.sty
Package: verbatim 2003/08/22 v1.5q LaTeX2e package for verbatim enhancements
\every@verbatim=\toks15
\verbatim@line=\toks16
\verbatim@in@stream=\read1
) (C:\texmf\tex\latex\ltxmisc\url.sty
\Urlmuskip=\muskip10
Package: url 2005/06/27  ver 3.2  Verb mode for urls, etc.
)
(C:/R/R-2.4.1/share/texmf\upquote.sty
Package: upquote 2003/08/11 v1.1 Covington's upright-quote modification to verb
atim and verb
 (C:\texmf\tex\latex\base\textcomp.sty
Package: textcomp 2004/02/22 v1.99f Standard LaTeX package
Package textcomp Info: Sub-encoding information:
(textcomp)               5 = only ISO-Adobe without \textcurrency
(textcomp)               4 = 5 + \texteuro
(textcomp)               3 = 4 + \textohm
(textcomp)               2 = 3 + \textestimated + \textcurrency
(textcomp)               1 = TS1 - \textcircled - \t
(textcomp)               0 = TS1 (full)
(textcomp)             Font families with sub-encoding setting implement
(textcomp)             only a restricted character set as indicated.
(textcomp)             Family '?' is the default used for unknown fonts.
(textcomp)             See the documentation for details.
Package textcomp Info: Setting ? sub-encoding to TS1/1 on input line 71.

(C:\texmf\tex\latex\base\ts1enc.def
File: ts1enc.def 2001/06/05 v3.0e (jk/car/fm) Standard LaTeX file
)
LaTeX Info: Redefining \oldstylenums on input line 266.
Package textcomp Info: Setting cmr sub-encoding to TS1/0 on input line 281.
Package textcomp Info: Setting cmss sub-encoding to TS1/0 on input line 282.
Package textcomp Info: Setting cmtt sub-encoding to TS1/0 on input line 283.
Package textcomp Info: Setting cmvtt sub-encoding to TS1/0 on input line 284.
Package textcomp Info: Setting cmbr sub-encoding to TS1/0 on input line 285.
Package textcomp Info: Setting cmtl sub-encoding to TS1/0 on input line 286.
Package textcomp Info: Setting ccr sub-encoding to TS1/0 on input line 287.
Package textcomp Info: Setting ptm sub-encoding to TS1/4 on input line 288.
Package textcomp Info: Setting pcr sub-encoding to TS1/4 on input line 289.
Package textcomp Info: Setting phv sub-encoding to TS1/4 on input line 290.
Package textcomp Info: Setting ppl sub-encoding to TS1/3 on input line 291.
Package textcomp Info: Setting pag sub-encoding to TS1/4 on input line 292.
Package textcomp Info: Setting pbk sub-encoding to TS1/4 on input line 293.
Package textcomp Info: Setting pnc sub-encoding to TS1/4 on input line 294.
Package textcomp Info: Setting pzc sub-encoding to TS1/4 on input line 295.
Package textcomp Info: Setting bch sub-encoding to TS1/4 on input line 296.
Package textcomp Info: Setting put sub-encoding to TS1/5 on input line 297.
Package textcomp Info: Setting uag sub-encoding to TS1/5 on input line 298.
Package textcomp Info: Setting ugq sub-encoding to TS1/5 on input line 299.
Package textcomp Info: Setting ul8 sub-encoding to TS1/4 on input line 300.
Package textcomp Info: Setting ul9 sub-encoding to TS1/4 on input line 301.
Package textcomp Info: Setting augie sub-encoding to TS1/5 on input line 302.
Package textcomp Info: Setting dayrom sub-encoding to TS1/3 on input line 303.
Package textcomp Info: Setting dayroms sub-encoding to TS1/3 on input line 304.

Package textcomp Info: Setting pxr sub-encoding to TS1/0 on input line 305.
Package textcomp Info: Setting pxss sub-encoding to TS1/0 on input line 306.
Package textcomp Info: Setting pxtt sub-encoding to TS1/0 on input line 307.
Package textcomp Info: Setting txr sub-encoding to TS1/0 on input line 308.
Package textcomp Info: Setting txss sub-encoding to TS1/0 on input line 309.
Package textcomp Info: Setting txtt sub-encoding to TS1/0 on input line 310.
Package textcomp Info: Setting futs sub-encoding to TS1/4 on input line 311.
Package textcomp Info: Setting futx sub-encoding to TS1/4 on input line 312.
Package textcomp Info: Setting futj sub-encoding to TS1/4 on input line 313.
Package textcomp Info: Setting hlh sub-encoding to TS1/3 on input line 314.
Package textcomp Info: Setting hls sub-encoding to TS1/3 on input line 315.
Package textcomp Info: Setting hlst sub-encoding to TS1/3 on input line 316.
Package textcomp Info: Setting hlct sub-encoding to TS1/5 on input line 317.
Package textcomp Info: Setting hlx sub-encoding to TS1/5 on input line 318.
Package textcomp Info: Setting hlce sub-encoding to TS1/5 on input line 319.
Package textcomp Info: Setting hlcn sub-encoding to TS1/5 on input line 320.
Package textcomp Info: Setting hlcw sub-encoding to TS1/5 on input line 321.
Package textcomp Info: Setting hlcf sub-encoding to TS1/5 on input line 322.
Package textcomp Info: Setting pplx sub-encoding to TS1/3 on input line 323.
Package textcomp Info: Setting pplj sub-encoding to TS1/3 on input line 324.
Package textcomp Info: Setting ptmx sub-encoding to TS1/4 on input line 325.
Package textcomp Info: Setting ptmj sub-encoding to TS1/4 on input line 326.
))
\ldescriptionwidth=\skip47
 (C:\texmf\tex\latex\base\fontenc.sty
Package: fontenc 2004/02/22 v1.99f Standard LaTeX package

(C:\texmf\tex\latex\base\t1enc.def
File: t1enc.def 2004/02/22 v1.99f Standard LaTeX file
LaTeX Font Info:    Redeclaring font encoding T1 on input line 43.
)) (C:\texmf\tex\latex\ae\ae.sty
Package: ae 2001/02/12 1.3 Almost European Computer Modern

(C:\texmf\tex\latex\base\fontenc.sty
Package: fontenc 2004/02/22 v1.99f Standard LaTeX package
 (C:\texmf\tex\latex\base\t1enc.def
File: t1enc.def 2004/02/22 v1.99f Standard LaTeX file
LaTeX Font Info:    Redeclaring font encoding T1 on input line 43.
)
LaTeX Font Info:    Try loading font information for T1+aer on input line 100.

(C:\texmf\tex\latex\ae\t1aer.fd
File: t1aer.fd 1997/11/16 Font definitions for T1/aer.
))) (C:\texmf\tex\latex\ae\t1aett.fd
File: t1aett.fd 1997/11/16 Font definitions for T1/aett.
)
NOT loading times NOT loading lmodern (C:\texmf\tex\latex\graphics\color.sty
Package: color 1999/02/16 v1.0i Standard LaTeX Color (DPC)

(C:\texmf\tex\latex\00miktex\color.cfg
File: color.cfg 2003/03/08 v1.0 MiKTeX 'color' configuration
)
Package color Info: Driver file: dvips.def on input line 125.
 (C:\texmf\tex\latex\graphics\dvips.def
File: dvips.def 1999/02/16 v3.0i Driver-dependant file (DPC,SPQR)
) (C:\texmf\tex\latex\graphics\dvipsnam.def
File: dvipsnam.def 1999/02/16 v3.0i Driver-dependant file (DPC,SPQR)
))
(C:\texmf\tex\latex\hyperref\hyperref.sty
Package: hyperref 2003/11/30 v6.74m Hypertext links for LaTeX

(C:\texmf\tex\latex\graphics\keyval.sty
Package: keyval 1999/03/16 v1.13 key=value parser (DPC)
\KV@toks@=\toks17
)
\@linkdim=\dimen104
\Hy@linkcounter=\count92
\Hy@pagecounter=\count93

(C:\texmf\tex\latex\hyperref\pd1enc.def
File: pd1enc.def 2003/11/30 v6.74m Hyperref: PDFDocEncoding definition (HO)
)
(C:\texmf\tex\latex\00miktex\hyperref.cfg
File: hyperref.cfg 2003/03/08 v1.0 MiKTeX 'hyperref' configuration
)
Package hyperref Info: Hyper figures OFF on input line 1880.
Package hyperref Info: Link nesting OFF on input line 1885.
Package hyperref Info: Hyper index ON on input line 1888.
Package hyperref Info: Plain pages ON on input line 1893.
Package hyperref Info: Backreferencing OFF on input line 1900.

Implicit mode ON; LaTeX internals redefined
Package hyperref Info: Bookmarks ON on input line 2004.
LaTeX Info: Redefining \href on input line 2130.
LaTeX Info: Redefining \url on input line 2143.
\Fld@menulength=\count94
\Field@Width=\dimen105
\Fld@charsize=\dimen106
\Choice@toks=\toks18
\Field@toks=\toks19
Package hyperref Info: Hyper figures OFF on input line 2618.
Package hyperref Info: Link nesting OFF on input line 2623.
Package hyperref Info: Hyper index ON on input line 2626.
Package hyperref Info: backreferencing OFF on input line 2633.
Package hyperref Info: Link coloring OFF on input line 2638.
\c@Item=\count95
\c@Hfootnote=\count96
)
*hyperref using default driver hypertex*
(C:\texmf\tex\latex\hyperref\hypertex.def
File: hypertex.def 2003/11/30 v6.74m Hyperref driver for HyperTeX specials
)

Package hyperref Warning: Option `hyperindex' has already been used,
(hyperref)                setting the option has no effect on input line 312.

Package hyperref Info: Option `colorlinks' set `true' on input line 312.

Package hyperref Warning: Option `pagebackref' has already been used,
(hyperref)                setting the option has no effect on input line 312.

Package hyperref Info: Option `linktocpage' set `true' on input line 312.
Package hyperref Info: Option `plainpages' set `false' on input line 312.
)
No file spsurvey-manual.aux.
LaTeX Font Info:    Checking defaults for OML/cmm/m/it on input line 3.
LaTeX Font Info:    ... okay on input line 3.
LaTeX Font Info:    Checking defaults for T1/cmr/m/n on input line 3.
LaTeX Font Info:    ... okay on input line 3.
LaTeX Font Info:    Checking defaults for OT1/cmr/m/n on input line 3.
LaTeX Font Info:    ... okay on input line 3.
LaTeX Font Info:    Checking defaults for OMS/cmsy/m/n on input line 3.
LaTeX Font Info:    ... okay on input line 3.
LaTeX Font Info:    Checking defaults for OMX/cmex/m/n on input line 3.
LaTeX Font Info:    ... okay on input line 3.
LaTeX Font Info:    Checking defaults for U/cmr/m/n on input line 3.
LaTeX Font Info:    ... okay on input line 3.
LaTeX Font Info:    Checking defaults for TS1/cmr/m/n on input line 3.
LaTeX Font Info:    Try loading font information for TS1+cmr on input line 3.
(C:\texmf\tex\latex\base\ts1cmr.fd
File: ts1cmr.fd 1999/05/25 v2.5h Standard LaTeX font definitions
)
LaTeX Font Info:    ... okay on input line 3.
LaTeX Font Info:    Checking defaults for PD1/pdf/m/n on input line 3.
LaTeX Font Info:    ... okay on input line 3.
Package hyperref Info: Link coloring ON on input line 3.
 (C:\texmf\tex\latex\hyperref\nameref.sty
Package: nameref 2003/12/03 v2.21 Cross-referencing by name of section
\c@section@level=\count97
)
LaTeX Info: Redefining \ref on input line 3.
LaTeX Info: Redefining \pageref on input line 3.
LaTeX Font Info:    External font `cmex10' loaded for size
(Font)              <7> on input line 4.
LaTeX Font Info:    External font `cmex10' loaded for size
(Font)              <5> on input line 4.

[1

]
Overfull \hbox (0.99644pt too wide) in paragraph at lines 64--66
[]\T1/aer/m/n/10 spheroid op-tions: Clarke1866, GRS80, WGS84. The de-fault is C
larke1866. 
 []

[2]
Overfull \hbox (18.74011pt too wide) in paragraph at lines 98--98
 []   \T1/aett/m/n/10 sizeweight=FALSE, unitsize=NULL, vartype="Local", conf=95
, psurvey.obj=NULL)[] 
 []

[3]
Underfull \hbox (badness 10000) in paragraph at lines 150--177

 []


Underfull \hbox (badness 10000) in paragraph at lines 150--177

 []


Overfull \hbox (13.25159pt too wide) in paragraph at lines 150--177
\T1/aer/m/n/10 popsize = list("Pop 1"=1500, "Pop2"=list("SubPop 1"=750, "Sub-Po
p 2"=500,
 []


Underfull \hbox (badness 10000) in paragraph at lines 150--177

 []

[4] [5]
Overfull \hbox (13.50012pt too wide) in paragraph at lines 273--273
 []   \T1/aett/m/n/10 N.cluster=NULL, wgt1=NULL, x1=NULL, y1=NULL, popsize=NULL
, stage1size=NULL,[] 
 []


Overfull \hbox (23.9801pt too wide) in paragraph at lines 274--274
 []   \T1/aett/m/n/10 support=NULL, swgt=NULL, swgt1=NULL, unitsize=NULL, varty
pe="Local", conf=95,[] 
 []

[6] [7] [8]
LaTeX Font Info:    Try loading font information for TS1+aer on input line 395.

 (C:/R/R-2.4.1/share/texmf\ts1aer.fd
File: ts1aer.fd 
)
LaTeX Font Info:    Font shape `TS1/aer/m/n' in size <10> not available
(Font)              Font shape `TS1/cmr/m/n' tried instead on input line 395.
 [9] [10] [11] [12]
Overfull \hbox (3.02014pt too wide) in paragraph at lines 629--629
 []   \T1/aett/m/n/10 wgt1=NULL, x1=NULL, y1=NULL, popsize=NULL, stage1size=NUL
L, support=NULL,[] 
 []


Overfull \hbox (18.74011pt too wide) in paragraph at lines 630--630
 []   \T1/aett/m/n/10 swgt=NULL, swgt1=NULL, unitsize=NULL, vartype="Local", co
nf=95, cdfval=NULL,[] 
 []


Overfull \hbox (13.50012pt too wide) in paragraph at lines 631--631
 []   \T1/aett/m/n/10 pctval=c(5,10,25,50,75,90,95), check.ind=TRUE, warn.ind=N
ULL, warn.df=NULL,[] 
 []

[13] [14] [15] [16] [17]
Overfull \hbox (18.74011pt too wide) in paragraph at lines 900--900
 []\T1/aett/m/n/10 cont.analysis(sites=NULL, subpop=NULL, design=NULL, data.con
t=NULL, sigma=NULL,[] 
 []

[18]
Overfull \hbox (18.74011pt too wide) in paragraph at lines 902--902
 []   \T1/aett/m/n/10 popcorrect=FALSE, sizeweight=FALSE, unitsize=NULL, vartyp
e="Local", conf=95,[] 
 []

[19]
Underfull \hbox (badness 10000) in paragraph at lines 963--990

 []


Underfull \hbox (badness 10000) in paragraph at lines 963--990

 []


Overfull \hbox (13.25159pt too wide) in paragraph at lines 963--990
\T1/aer/m/n/10 popsize = list("Pop 1"=1500, "Pop2"=list("SubPop 1"=750, "Sub-Po
p 2"=500,
 []


Underfull \hbox (badness 10000) in paragraph at lines 963--990

 []

[20] [21] [22] [23]
LaTeX Font Info:    Font shape `T1/aett/bx/n' in size <10> not available
(Font)              Font shape `T1/aett/m/n' tried instead on input line 1177.
 [24] [25] [26] [27]
Overfull \hbox (18.74011pt too wide) in paragraph at lines 1345--1345
 []   \T1/aett/m/n/10 id=NULL, xcoord=NULL, ycoord=NULL, stratum=NULL, mdcaty=N
ULL, startlev=NULL,[] 
 []


Underfull \hbox (badness 10000) in paragraph at lines 1352--1380

 []


Overfull \hbox (23.78983pt too wide) in paragraph at lines 1352--1380
\T1/aer/m/n/10 design = list("Stratum 1"=list(panel=c(Panel=50), sel-type="Equa
l", over=10), 
 []


Overfull \hbox (36.48055pt too wide) in paragraph at lines 1352--1380
\T1/aer/m/n/10 "Stratum 2"=list(panel=c("Panel One"=50, "Panel Two"=50), sel-ty
pe="Unequal", 
 []


Overfull \hbox (30.40526pt too wide) in paragraph at lines 1352--1380
\T1/aer/m/n/10 caty.n=c(CatyOne=25, CatyTwo=25, CatyThree=25, Caty-Four=25), ov
er=75)) 
 []


Underfull \hbox (badness 10000) in paragraph at lines 1352--1380

 []


Underfull \hbox (badness 10000) in paragraph at lines 1352--1380

 []

[28] [29]
Underfull \hbox (badness 10000) in paragraph at lines 1447--1451

 []

[30] [31] [32]
Overfull \hbox (3.02014pt too wide) in paragraph at lines 1622--1622
 []\T1/aett/m/n/10 grtspts(src.frame="shapefile", shapefilename=NULL, ptsframe,
 samplesize=100,[] 
 []

[33]
Overfull \hbox (8.26013pt too wide) in paragraph at lines 1682--1682
 []   \T1/aett/m/n/10 id=NULL, xcoord=NULL, ycoord=NULL, stratum=NULL, mdcaty=N
ULL, maxtry=1000,[] 
 []


Underfull \hbox (badness 10000) in paragraph at lines 1688--1716

 []


Overfull \hbox (23.78983pt too wide) in paragraph at lines 1688--1716
\T1/aer/m/n/10 design = list("Stratum 1"=list(panel=c(Panel=50), sel-type="Equa
l", over=10), 
 []


Overfull \hbox (36.48055pt too wide) in paragraph at lines 1688--1716
\T1/aer/m/n/10 "Stratum 2"=list(panel=c("Panel One"=50, "Panel Two"=50), sel-ty
pe="Unequal", 
 []


Overfull \hbox (30.40526pt too wide) in paragraph at lines 1688--1716
\T1/aer/m/n/10 caty.n=c(CatyOne=25, CatyTwo=25, CatyThree=25, Caty-Four=25), ov
er=75)) 
 []


Underfull \hbox (badness 10000) in paragraph at lines 1688--1716

 []


Underfull \hbox (badness 10000) in paragraph at lines 1688--1716

 []

[34] [35]
Underfull \hbox (badness 10000) in paragraph at lines 1769--1773

 []

[36]
Overfull \hbox (23.9801pt too wide) in paragraph at lines 1824--1824
 []\T1/aett/m/n/10 irsarea(shapefilename=NULL, areaframe, samplesize=100, SiteB
egin=1, maxtry=1000)[] 
 []

[37] [38] [39] [40] [41] [42] [43]
Underfull \hbox (badness 10000) in paragraph at lines 2115--2142

 []


Underfull \hbox (badness 10000) in paragraph at lines 2115--2142

 []


Overfull \hbox (13.25159pt too wide) in paragraph at lines 2115--2142
\T1/aer/m/n/10 popsize = list("Pop 1"=1500, "Pop2"=list("SubPop 1"=750, "Sub-Po
p 2"=500,
 []


Underfull \hbox (badness 10000) in paragraph at lines 2115--2142

 []

[44] [45] [46]
Overfull \hbox (7.29199pt too wide) in paragraph at lines 2306--2308
[]\T1/aer/m/n/10 ESRI Shape-file Tech-ni-cal De-scrip-tion: [][]$\T1/aett/m/n/1
0 http : / / www . esri . com / library / whitepapers / pdfs /
 []

[47]
Overfull \hbox (7.29199pt too wide) in paragraph at lines 2353--2355
[]\T1/aer/m/n/10 ESRI Shape-file Tech-ni-cal De-scrip-tion: [][]$\T1/aett/m/n/1
0 http : / / www . esri . com / library / whitepapers / pdfs /
 []

[48]
Overfull \hbox (1.58553pt too wide) in paragraph at lines 2408--2413
\T1/aer/m/n/10 first level is used for cal-cu-lat-ing the rel-a-tive risk es-ti
-mate. If re-sponse.levels
 []

[49] [50] [51] [52]
Overfull \hbox (7.29199pt too wide) in paragraph at lines 2561--2563
[]\T1/aer/m/n/10 ESRI Shape-file Tech-ni-cal De-scrip-tion: [][]$\T1/aett/m/n/1
0 http : / / www . esri . com / library / whitepapers / pdfs /
 []


Overfull \hbox (3.02014pt too wide) in paragraph at lines 2657--2657
 []\T1/aett/m/n/10 writeShapeFilePolygon(shapeTypeVal, fileLengthVal, contentLe
nVec, nPartsVec,[] 
 []


Overfull \hbox (13.50012pt too wide) in paragraph at lines 2658--2658
 []   \T1/aett/m/n/10 nPointsVec, partsVec, xVec, yVec, prjFileNameVec, dbfFiel
dNames, dbfFields,[] 
 []


Overfull \hbox (8.26013pt too wide) in paragraph at lines 2666--2666
 []\T1/aett/m/n/10 linSample(fileNamePrefix, xcVec, ycVec, dxVec, dyVec, dsgnmd
IDVec, dsgnmdVec)[] 
 []

[53]
Overfull \hbox (8.26013pt too wide) in paragraph at lines 2669--2669
 []\T1/aett/m/n/10 linSampleIRS(fileNamePrefix, lenCumSumVec, sampPosVec, dsgnI
DVec, dsgnLenVec,[] 
 []

[54] [55]
Overfull \hbox (8.26013pt too wide) in paragraph at lines 2774--2774
 []\T1/aett/m/n/10 total.est(z, wgt, x=NULL, y=NULL, stratum=NULL, cluster=NULL
, N.cluster=NULL,[] 
 []


Overfull \hbox (3.02014pt too wide) in paragraph at lines 2775--2775
 []   \T1/aett/m/n/10 wgt1=NULL, x1=NULL, y1=NULL, popsize=NULL, stage1size=NUL
L, support=NULL,[] 
 []

[56] [57] [58] [59] [60] (spsurvey-manual.aux) ) 
Here is how much of TeX's memory you used:
 3289 strings out of 95901
 41923 string characters out of 1195329
 83264 words of memory out of 1081416
 6196 multiletter control sequences out of 60000
 14418 words of font info for 31 fonts, out of 1000000 for 2000
 14 hyphenation exceptions out of 4999
 38i,6n,27p,228b,431s stack positions out of 5000i,500n,10000p,200000b,32768s

Output written on spsurvey-manual.dvi (60 pages, 230644 bytes).
